<?xml version="1.0" encoding="UTF-8"?>
<coverage generated="1713438316908" clover="3.2.0">
  <project timestamp="1713438316908" name="All files">
    <metrics statements="184" coveredstatements="180" conditionals="4" coveredconditionals="4" methods="27" coveredmethods="25" elements="215" coveredelements="209" complexity="0" loc="184" ncloc="184" packages="3" files="20" classes="20"/>
    <package name="config">
      <metrics statements="1" coveredstatements="1" conditionals="0" coveredconditionals="0" methods="0" coveredmethods="0"/>
      <file name="dbConfig.js" path="C:\Users\hache\OneDrive\Bureau\O2SPLUS\DevAdmin\Server\config\dbConfig.js">
        <metrics statements="1" coveredstatements="1" conditionals="0" coveredconditionals="0" methods="0" coveredmethods="0"/>
        <line num="1" count="1" type="stmt"/>
      </file>
    </package>
    <package name="controllers">
      <metrics statements="46" coveredstatements="44" conditionals="4" coveredconditionals="4" methods="8" coveredmethods="8"/>
      <file name="dossierController.js" path="C:\Users\hache\OneDrive\Bureau\O2SPLUS\DevAdmin\Server\controllers\dossierController.js">
        <metrics statements="46" coveredstatements="44" conditionals="4" coveredconditionals="4" methods="8" coveredmethods="8"/>
        <line num="1" count="1" type="stmt"/>
        <line num="3" count="1" type="stmt"/>
        <line num="4" count="1" type="stmt"/>
        <line num="6" count="1" type="stmt"/>
        <line num="7" count="1" type="stmt"/>
        <line num="20" count="1" type="stmt"/>
        <line num="21" count="1" type="stmt"/>
        <line num="24" count="1" type="stmt"/>
        <line num="25" count="1" type="stmt"/>
        <line num="26" count="1" type="stmt"/>
        <line num="29" count="1" type="stmt"/>
        <line num="30" count="1" type="stmt"/>
        <line num="31" count="1" type="stmt"/>
        <line num="32" count="1" type="stmt"/>
        <line num="35" count="1" type="stmt"/>
        <line num="36" count="1" type="stmt"/>
        <line num="37" count="1" type="stmt"/>
        <line num="50" count="1" type="stmt"/>
        <line num="53" count="1" type="stmt"/>
        <line num="56" count="1" type="stmt"/>
        <line num="57" count="1" type="stmt"/>
        <line num="58" count="1" type="stmt"/>
        <line num="61" count="1" type="stmt"/>
        <line num="64" count="1" type="stmt"/>
        <line num="65" count="1" type="stmt"/>
        <line num="66" count="1" type="stmt"/>
        <line num="69" count="1" type="stmt"/>
        <line num="72" count="1" type="stmt"/>
        <line num="73" count="3" type="stmt"/>
        <line num="74" count="3" type="stmt"/>
        <line num="76" count="3" type="stmt"/>
        <line num="77" count="3" type="cond" truecount="2" falsecount="0"/>
        <line num="78" count="1" type="stmt"/>
        <line num="81" count="2" type="stmt"/>
        <line num="82" count="2" type="cond" truecount="2" falsecount="0"/>
        <line num="83" count="1" type="stmt"/>
        <line num="87" count="1" type="stmt"/>
        <line num="88" count="1" type="stmt"/>
        <line num="93" count="1" type="stmt"/>
        <line num="95" count="0" type="stmt"/>
        <line num="96" count="0" type="stmt"/>
        <line num="100" count="1" type="stmt"/>
        <line num="101" count="1" type="stmt"/>
        <line num="102" count="1" type="stmt"/>
        <line num="105" count="1" type="stmt"/>
        <line num="108" count="1" type="stmt"/>
      </file>
    </package>
    <package name="models">
      <metrics statements="137" coveredstatements="135" conditionals="0" coveredconditionals="0" methods="19" coveredmethods="17"/>
      <file name="article.js" path="C:\Users\hache\OneDrive\Bureau\O2SPLUS\DevAdmin\Server\models\article.js">
        <metrics statements="3" coveredstatements="3" conditionals="0" coveredconditionals="0" methods="1" coveredmethods="1"/>
        <line num="1" count="1" type="stmt"/>
        <line num="2" count="1" type="stmt"/>
        <line num="19" count="1" type="stmt"/>
      </file>
      <file name="client.js" path="C:\Users\hache\OneDrive\Bureau\O2SPLUS\DevAdmin\Server\models\client.js">
        <metrics statements="3" coveredstatements="3" conditionals="0" coveredconditionals="0" methods="1" coveredmethods="1"/>
        <line num="3" count="1" type="stmt"/>
        <line num="4" count="1" type="stmt"/>
        <line num="42" count="1" type="stmt"/>
      </file>
      <file name="depot.js" path="C:\Users\hache\OneDrive\Bureau\O2SPLUS\DevAdmin\Server\models\depot.js">
        <metrics statements="3" coveredstatements="3" conditionals="0" coveredconditionals="0" methods="1" coveredmethods="1"/>
        <line num="1" count="1" type="stmt"/>
        <line num="2" count="1" type="stmt"/>
        <line num="52" count="1" type="stmt"/>
      </file>
      <file name="dossier.js" path="C:\Users\hache\OneDrive\Bureau\O2SPLUS\DevAdmin\Server\models\dossier.js">
        <metrics statements="3" coveredstatements="3" conditionals="0" coveredconditionals="0" methods="1" coveredmethods="1"/>
        <line num="1" count="1" type="stmt"/>
        <line num="2" count="1" type="stmt"/>
        <line num="73" count="1" type="stmt"/>
      </file>
      <file name="enteteStock.js" path="C:\Users\hache\OneDrive\Bureau\O2SPLUS\DevAdmin\Server\models\enteteStock.js">
        <metrics statements="3" coveredstatements="3" conditionals="0" coveredconditionals="0" methods="1" coveredmethods="1"/>
        <line num="1" count="1" type="stmt"/>
        <line num="2" count="1" type="stmt"/>
        <line num="27" count="1" type="stmt"/>
      </file>
      <file name="familleClient.js" path="C:\Users\hache\OneDrive\Bureau\O2SPLUS\DevAdmin\Server\models\familleClient.js">
        <metrics statements="3" coveredstatements="3" conditionals="0" coveredconditionals="0" methods="1" coveredmethods="1"/>
        <line num="2" count="1" type="stmt"/>
        <line num="3" count="1" type="stmt"/>
        <line num="24" count="1" type="stmt"/>
      </file>
      <file name="fournisseur.js" path="C:\Users\hache\OneDrive\Bureau\O2SPLUS\DevAdmin\Server\models\fournisseur.js">
        <metrics statements="3" coveredstatements="3" conditionals="0" coveredconditionals="0" methods="1" coveredmethods="1"/>
        <line num="1" count="1" type="stmt"/>
        <line num="2" count="1" type="stmt"/>
        <line num="55" count="1" type="stmt"/>
      </file>
      <file name="index.js" path="C:\Users\hache\OneDrive\Bureau\O2SPLUS\DevAdmin\Server\models\index.js">
        <metrics statements="86" coveredstatements="84" conditionals="0" coveredconditionals="0" methods="2" coveredmethods="0"/>
        <line num="1" count="1" type="stmt"/>
        <line num="2" count="1" type="stmt"/>
        <line num="4" count="1" type="stmt"/>
        <line num="23" count="1" type="stmt"/>
        <line num="24" count="0" type="stmt"/>
        <line num="27" count="1" type="stmt"/>
        <line num="28" count="1" type="stmt"/>
        <line num="29" count="1" type="stmt"/>
        <line num="30" count="1" type="stmt"/>
        <line num="31" count="1" type="stmt"/>
        <line num="32" count="1" type="stmt"/>
        <line num="33" count="1" type="stmt"/>
        <line num="34" count="1" type="stmt"/>
        <line num="35" count="1" type="stmt"/>
        <line num="36" count="1" type="stmt"/>
        <line num="37" count="1" type="stmt"/>
        <line num="38" count="1" type="stmt"/>
        <line num="39" count="1" type="stmt"/>
        <line num="40" count="1" type="stmt"/>
        <line num="41" count="1" type="stmt"/>
        <line num="42" count="1" type="stmt"/>
        <line num="43" count="1" type="stmt"/>
        <line num="44" count="1" type="stmt"/>
        <line num="45" count="1" type="stmt"/>
        <line num="46" count="1" type="stmt"/>
        <line num="47" count="1" type="stmt"/>
        <line num="48" count="0" type="stmt"/>
        <line num="52" count="1" type="stmt"/>
        <line num="56" count="1" type="stmt"/>
        <line num="62" count="1" type="stmt"/>
        <line num="66" count="1" type="stmt"/>
        <line num="70" count="1" type="stmt"/>
        <line num="74" count="1" type="stmt"/>
        <line num="78" count="1" type="stmt"/>
        <line num="83" count="1" type="stmt"/>
        <line num="87" count="1" type="stmt"/>
        <line num="92" count="1" type="stmt"/>
        <line num="97" count="1" type="stmt"/>
        <line num="102" count="1" type="stmt"/>
        <line num="107" count="1" type="stmt"/>
        <line num="111" count="1" type="stmt"/>
        <line num="116" count="1" type="stmt"/>
        <line num="121" count="1" type="stmt"/>
        <line num="126" count="1" type="stmt"/>
        <line num="131" count="1" type="stmt"/>
        <line num="136" count="1" type="stmt"/>
        <line num="141" count="1" type="stmt"/>
        <line num="146" count="1" type="stmt"/>
        <line num="151" count="1" type="stmt"/>
        <line num="156" count="1" type="stmt"/>
        <line num="161" count="1" type="stmt"/>
        <line num="166" count="1" type="stmt"/>
        <line num="171" count="1" type="stmt"/>
        <line num="176" count="1" type="stmt"/>
        <line num="181" count="1" type="stmt"/>
        <line num="186" count="1" type="stmt"/>
        <line num="191" count="1" type="stmt"/>
        <line num="196" count="1" type="stmt"/>
        <line num="201" count="1" type="stmt"/>
        <line num="206" count="1" type="stmt"/>
        <line num="211" count="1" type="stmt"/>
        <line num="216" count="1" type="stmt"/>
        <line num="221" count="1" type="stmt"/>
        <line num="226" count="1" type="stmt"/>
        <line num="231" count="1" type="stmt"/>
        <line num="236" count="1" type="stmt"/>
        <line num="241" count="1" type="stmt"/>
        <line num="246" count="1" type="stmt"/>
        <line num="251" count="1" type="stmt"/>
        <line num="256" count="1" type="stmt"/>
        <line num="261" count="1" type="stmt"/>
        <line num="266" count="1" type="stmt"/>
        <line num="271" count="1" type="stmt"/>
        <line num="275" count="1" type="stmt"/>
        <line num="280" count="1" type="stmt"/>
        <line num="285" count="1" type="stmt"/>
        <line num="290" count="1" type="stmt"/>
        <line num="295" count="1" type="stmt"/>
        <line num="300" count="1" type="stmt"/>
        <line num="305" count="1" type="stmt"/>
        <line num="310" count="1" type="stmt"/>
        <line num="315" count="1" type="stmt"/>
        <line num="320" count="1" type="stmt"/>
        <line num="325" count="1" type="stmt"/>
        <line num="330" count="1" type="stmt"/>
        <line num="336" count="1" type="stmt"/>
      </file>
      <file name="licence.js" path="C:\Users\hache\OneDrive\Bureau\O2SPLUS\DevAdmin\Server\models\licence.js">
        <metrics statements="3" coveredstatements="3" conditionals="0" coveredconditionals="0" methods="1" coveredmethods="1"/>
        <line num="1" count="1" type="stmt"/>
        <line num="2" count="1" type="stmt"/>
        <line num="32" count="1" type="stmt"/>
      </file>
      <file name="ligneStock.js" path="C:\Users\hache\OneDrive\Bureau\O2SPLUS\DevAdmin\Server\models\ligneStock.js">
        <metrics statements="3" coveredstatements="3" conditionals="0" coveredconditionals="0" methods="1" coveredmethods="1"/>
        <line num="1" count="1" type="stmt"/>
        <line num="2" count="1" type="stmt"/>
        <line num="30" count="1" type="stmt"/>
      </file>
      <file name="modeReglement.js" path="C:\Users\hache\OneDrive\Bureau\O2SPLUS\DevAdmin\Server\models\modeReglement.js">
        <metrics statements="3" coveredstatements="3" conditionals="0" coveredconditionals="0" methods="1" coveredmethods="1"/>
        <line num="1" count="1" type="stmt"/>
        <line num="2" count="1" type="stmt"/>
        <line num="24" count="1" type="stmt"/>
      </file>
      <file name="secteurGeo.js" path="C:\Users\hache\OneDrive\Bureau\O2SPLUS\DevAdmin\Server\models\secteurGeo.js">
        <metrics statements="3" coveredstatements="3" conditionals="0" coveredconditionals="0" methods="1" coveredmethods="1"/>
        <line num="1" count="1" type="stmt"/>
        <line num="2" count="1" type="stmt"/>
        <line num="23" count="1" type="stmt"/>
      </file>
      <file name="siteClient.js" path="C:\Users\hache\OneDrive\Bureau\O2SPLUS\DevAdmin\Server\models\siteClient.js">
        <metrics statements="3" coveredstatements="3" conditionals="0" coveredconditionals="0" methods="1" coveredmethods="1"/>
        <line num="1" count="1" type="stmt"/>
        <line num="2" count="1" type="stmt"/>
        <line num="60" count="1" type="stmt"/>
      </file>
      <file name="stock.js" path="C:\Users\hache\OneDrive\Bureau\O2SPLUS\DevAdmin\Server\models\stock.js">
        <metrics statements="3" coveredstatements="3" conditionals="0" coveredconditionals="0" methods="1" coveredmethods="1"/>
        <line num="1" count="1" type="stmt"/>
        <line num="2" count="1" type="stmt"/>
        <line num="20" count="1" type="stmt"/>
      </file>
      <file name="typeTarif.js" path="C:\Users\hache\OneDrive\Bureau\O2SPLUS\DevAdmin\Server\models\typeTarif.js">
        <metrics statements="3" coveredstatements="3" conditionals="0" coveredconditionals="0" methods="1" coveredmethods="1"/>
        <line num="1" count="1" type="stmt"/>
        <line num="2" count="1" type="stmt"/>
        <line num="28" count="1" type="stmt"/>
      </file>
      <file name="utilisateur.js" path="C:\Users\hache\OneDrive\Bureau\O2SPLUS\DevAdmin\Server\models\utilisateur.js">
        <metrics statements="3" coveredstatements="3" conditionals="0" coveredconditionals="0" methods="1" coveredmethods="1"/>
        <line num="1" count="1" type="stmt"/>
        <line num="2" count="1" type="stmt"/>
        <line num="37" count="1" type="stmt"/>
      </file>
      <file name="vendeur.js" path="C:\Users\hache\OneDrive\Bureau\O2SPLUS\DevAdmin\Server\models\vendeur.js">
        <metrics statements="3" coveredstatements="3" conditionals="0" coveredconditionals="0" methods="1" coveredmethods="1"/>
        <line num="1" count="1" type="stmt"/>
        <line num="2" count="1" type="stmt"/>
        <line num="46" count="1" type="stmt"/>
      </file>
      <file name="zoneIntervention.js" path="C:\Users\hache\OneDrive\Bureau\O2SPLUS\DevAdmin\Server\models\zoneIntervention.js">
        <metrics statements="3" coveredstatements="3" conditionals="0" coveredconditionals="0" methods="1" coveredmethods="1"/>
        <line num="1" count="1" type="stmt"/>
        <line num="2" count="1" type="stmt"/>
        <line num="27" count="1" type="stmt"/>
      </file>
    </package>
  </project>
</coverage>
