{"C:\\Users\\hache\\OneDrive\\Bureau\\O2SPLUS\\DevAdmin\\Server\\config\\dbConfig.js": {"path":"C:\\Users\\hache\\OneDrive\\Bureau\\O2SPLUS\\DevAdmin\\Server\\config\\dbConfig.js","statementMap":{"0":{"start":{"line":1,"column":0},"end":{"line":14,"column":2}}},"fnMap":{},"branchMap":{},"s":{"0":1},"f":{},"b":{},"_coverageSchema":"1a1c01bbd47fc00a2c39e90264f33305004495a9","hash":"8e6c04e3561d469822d34d30312164e01c48bad1"}
,"C:\\Users\\hache\\OneDrive\\Bureau\\O2SPLUS\\DevAdmin\\Server\\controllers\\dossierController.js": {"path":"C:\\Users\\hache\\OneDrive\\Bureau\\O2SPLUS\\DevAdmin\\Server\\controllers\\dossierController.js","statementMap":{"0":{"start":{"line":1,"column":11},"end":{"line":1,"column":31}},"1":{"start":{"line":3,"column":16},"end":{"line":3,"column":27}},"2":{"start":{"line":4,"column":20},"end":{"line":4,"column":35}},"3":{"start":{"line":6,"column":19},"end":{"line":22,"column":1}},"4":{"start":{"line":7,"column":14},"end":{"line":19,"column":2}},"5":{"start":{"line":20,"column":17},"end":{"line":20,"column":43}},"6":{"start":{"line":21,"column":1},"end":{"line":21,"column":31}},"7":{"start":{"line":24,"column":22},"end":{"line":27,"column":1}},"8":{"start":{"line":25,"column":18},"end":{"line":25,"column":41}},"9":{"start":{"line":26,"column":1},"end":{"line":26,"column":32}},"10":{"start":{"line":29,"column":23},"end":{"line":33,"column":1}},"11":{"start":{"line":30,"column":12},"end":{"line":30,"column":25}},"12":{"start":{"line":31,"column":17},"end":{"line":31,"column":43}},"13":{"start":{"line":32,"column":1},"end":{"line":32,"column":31}},"14":{"start":{"line":35,"column":22},"end":{"line":54,"column":1}},"15":{"start":{"line":36,"column":12},"end":{"line":36,"column":25}},"16":{"start":{"line":37,"column":14},"end":{"line":49,"column":2}},"17":{"start":{"line":50,"column":1},"end":{"line":52,"column":4}},"18":{"start":{"line":53,"column":1},"end":{"line":53,"column":55}},"19":{"start":{"line":56,"column":22},"end":{"line":62,"column":1}},"20":{"start":{"line":57,"column":12},"end":{"line":57,"column":25}},"21":{"start":{"line":58,"column":1},"end":{"line":60,"column":4}},"22":{"start":{"line":61,"column":1},"end":{"line":61,"column":55}},"23":{"start":{"line":64,"column":30},"end":{"line":70,"column":1}},"24":{"start":{"line":65,"column":12},"end":{"line":65,"column":25}},"25":{"start":{"line":66,"column":17},"end":{"line":68,"column":3}},"26":{"start":{"line":69,"column":1},"end":{"line":69,"column":31}},"27":{"start":{"line":72,"column":35},"end":{"line":98,"column":1}},"28":{"start":{"line":73,"column":1},"end":{"line":97,"column":2}},"29":{"start":{"line":74,"column":39},"end":{"line":74,"column":47}},"30":{"start":{"line":76,"column":18},"end":{"line":76,"column":51}},"31":{"start":{"line":77,"column":2},"end":{"line":79,"column":3}},"32":{"start":{"line":78,"column":3},"end":{"line":78,"column":52}},"33":{"start":{"line":81,"column":22},"end":{"line":81,"column":63}},"34":{"start":{"line":82,"column":2},"end":{"line":84,"column":3}},"35":{"start":{"line":83,"column":3},"end":{"line":83,"column":56}},"36":{"start":{"line":87,"column":2},"end":{"line":87,"column":34}},"37":{"start":{"line":88,"column":2},"end":{"line":88,"column":27}},"38":{"start":{"line":93,"column":2},"end":{"line":93,"column":71}},"39":{"start":{"line":95,"column":2},"end":{"line":95,"column":66}},"40":{"start":{"line":96,"column":2},"end":{"line":96,"column":48}},"41":{"start":{"line":100,"column":26},"end":{"line":106,"column":1}},"42":{"start":{"line":101,"column":12},"end":{"line":101,"column":25}},"43":{"start":{"line":102,"column":17},"end":{"line":104,"column":3}},"44":{"start":{"line":105,"column":1},"end":{"line":105,"column":31}},"45":{"start":{"line":108,"column":0},"end":{"line":117,"column":2}}},"fnMap":{"0":{"name":"(anonymous_0)","decl":{"start":{"line":6,"column":19},"end":{"line":6,"column":20}},"loc":{"start":{"line":6,"column":39},"end":{"line":22,"column":1}},"line":6},"1":{"name":"(anonymous_1)","decl":{"start":{"line":24,"column":22},"end":{"line":24,"column":23}},"loc":{"start":{"line":24,"column":42},"end":{"line":27,"column":1}},"line":24},"2":{"name":"(anonymous_2)","decl":{"start":{"line":29,"column":23},"end":{"line":29,"column":24}},"loc":{"start":{"line":29,"column":43},"end":{"line":33,"column":1}},"line":29},"3":{"name":"(anonymous_3)","decl":{"start":{"line":35,"column":22},"end":{"line":35,"column":23}},"loc":{"start":{"line":35,"column":42},"end":{"line":54,"column":1}},"line":35},"4":{"name":"(anonymous_4)","decl":{"start":{"line":56,"column":22},"end":{"line":56,"column":23}},"loc":{"start":{"line":56,"column":42},"end":{"line":62,"column":1}},"line":56},"5":{"name":"(anonymous_5)","decl":{"start":{"line":64,"column":30},"end":{"line":64,"column":31}},"loc":{"start":{"line":64,"column":50},"end":{"line":70,"column":1}},"line":64},"6":{"name":"(anonymous_6)","decl":{"start":{"line":72,"column":35},"end":{"line":72,"column":36}},"loc":{"start":{"line":72,"column":55},"end":{"line":98,"column":1}},"line":72},"7":{"name":"(anonymous_7)","decl":{"start":{"line":100,"column":26},"end":{"line":100,"column":27}},"loc":{"start":{"line":100,"column":46},"end":{"line":106,"column":1}},"line":100}},"branchMap":{"0":{"loc":{"start":{"line":77,"column":2},"end":{"line":79,"column":3}},"type":"if","locations":[{"start":{"line":77,"column":2},"end":{"line":79,"column":3}},{"start":{},"end":{}}],"line":77},"1":{"loc":{"start":{"line":82,"column":2},"end":{"line":84,"column":3}},"type":"if","locations":[{"start":{"line":82,"column":2},"end":{"line":84,"column":3}},{"start":{},"end":{}}],"line":82}},"s":{"0":1,"1":1,"2":1,"3":1,"4":1,"5":1,"6":1,"7":1,"8":1,"9":1,"10":1,"11":1,"12":1,"13":1,"14":1,"15":1,"16":1,"17":1,"18":1,"19":1,"20":1,"21":1,"22":1,"23":1,"24":1,"25":1,"26":1,"27":1,"28":3,"29":3,"30":3,"31":3,"32":1,"33":2,"34":2,"35":1,"36":1,"37":1,"38":1,"39":0,"40":0,"41":1,"42":1,"43":1,"44":1,"45":1},"f":{"0":1,"1":1,"2":1,"3":1,"4":1,"5":1,"6":3,"7":1},"b":{"0":[1,2],"1":[1,1]},"_coverageSchema":"1a1c01bbd47fc00a2c39e90264f33305004495a9","hash":"13788c9995ff3f09c44be09f7f1913c1749ba7d1"}
,"C:\\Users\\hache\\OneDrive\\Bureau\\O2SPLUS\\DevAdmin\\Server\\models\\article.js": {"path":"C:\\Users\\hache\\OneDrive\\Bureau\\O2SPLUS\\DevAdmin\\Server\\models\\article.js","statementMap":{"0":{"start":{"line":1,"column":0},"end":{"line":20,"column":2}},"1":{"start":{"line":2,"column":17},"end":{"line":18,"column":2}},"2":{"start":{"line":19,"column":1},"end":{"line":19,"column":16}}},"fnMap":{"0":{"name":"(anonymous_0)","decl":{"start":{"line":1,"column":17},"end":{"line":1,"column":18}},"loc":{"start":{"line":1,"column":43},"end":{"line":20,"column":1}},"line":1}},"branchMap":{},"s":{"0":1,"1":1,"2":1},"f":{"0":1},"b":{},"_coverageSchema":"1a1c01bbd47fc00a2c39e90264f33305004495a9","hash":"3d38dfdd6b37bc0da1085c0df34213fb230667e2"}
,"C:\\Users\\hache\\OneDrive\\Bureau\\O2SPLUS\\DevAdmin\\Server\\models\\client.js": {"path":"C:\\Users\\hache\\OneDrive\\Bureau\\O2SPLUS\\DevAdmin\\Server\\models\\client.js","statementMap":{"0":{"start":{"line":3,"column":0},"end":{"line":43,"column":2}},"1":{"start":{"line":4,"column":16},"end":{"line":41,"column":2}},"2":{"start":{"line":42,"column":1},"end":{"line":42,"column":15}}},"fnMap":{"0":{"name":"(anonymous_0)","decl":{"start":{"line":3,"column":17},"end":{"line":3,"column":18}},"loc":{"start":{"line":3,"column":43},"end":{"line":43,"column":1}},"line":3}},"branchMap":{},"s":{"0":1,"1":1,"2":1},"f":{"0":1},"b":{},"_coverageSchema":"1a1c01bbd47fc00a2c39e90264f33305004495a9","hash":"be53ab617c6d63f254f66f160562dcb2e956fd7a"}
,"C:\\Users\\hache\\OneDrive\\Bureau\\O2SPLUS\\DevAdmin\\Server\\models\\depot.js": {"path":"C:\\Users\\hache\\OneDrive\\Bureau\\O2SPLUS\\DevAdmin\\Server\\models\\depot.js","statementMap":{"0":{"start":{"line":1,"column":0},"end":{"line":53,"column":2}},"1":{"start":{"line":2,"column":15},"end":{"line":51,"column":2}},"2":{"start":{"line":52,"column":1},"end":{"line":52,"column":14}}},"fnMap":{"0":{"name":"(anonymous_0)","decl":{"start":{"line":1,"column":17},"end":{"line":1,"column":18}},"loc":{"start":{"line":1,"column":43},"end":{"line":53,"column":1}},"line":1}},"branchMap":{},"s":{"0":1,"1":1,"2":1},"f":{"0":1},"b":{},"_coverageSchema":"1a1c01bbd47fc00a2c39e90264f33305004495a9","hash":"91053544c260204394ee92c9d9097b0c7400e30b"}
,"C:\\Users\\hache\\OneDrive\\Bureau\\O2SPLUS\\DevAdmin\\Server\\models\\dossier.js": {"path":"C:\\Users\\hache\\OneDrive\\Bureau\\O2SPLUS\\DevAdmin\\Server\\models\\dossier.js","statementMap":{"0":{"start":{"line":1,"column":0},"end":{"line":74,"column":2}},"1":{"start":{"line":2,"column":17},"end":{"line":71,"column":2}},"2":{"start":{"line":73,"column":1},"end":{"line":73,"column":16}}},"fnMap":{"0":{"name":"(anonymous_0)","decl":{"start":{"line":1,"column":17},"end":{"line":1,"column":18}},"loc":{"start":{"line":1,"column":43},"end":{"line":74,"column":1}},"line":1}},"branchMap":{},"s":{"0":1,"1":1,"2":1},"f":{"0":1},"b":{},"_coverageSchema":"1a1c01bbd47fc00a2c39e90264f33305004495a9","hash":"4a14050c722960e97f6d954dc819283150b8eb3c"}
,"C:\\Users\\hache\\OneDrive\\Bureau\\O2SPLUS\\DevAdmin\\Server\\models\\enteteStock.js": {"path":"C:\\Users\\hache\\OneDrive\\Bureau\\O2SPLUS\\DevAdmin\\Server\\models\\enteteStock.js","statementMap":{"0":{"start":{"line":1,"column":0},"end":{"line":28,"column":2}},"1":{"start":{"line":2,"column":21},"end":{"line":26,"column":2}},"2":{"start":{"line":27,"column":1},"end":{"line":27,"column":20}}},"fnMap":{"0":{"name":"(anonymous_0)","decl":{"start":{"line":1,"column":17},"end":{"line":1,"column":18}},"loc":{"start":{"line":1,"column":43},"end":{"line":28,"column":1}},"line":1}},"branchMap":{},"s":{"0":1,"1":1,"2":1},"f":{"0":1},"b":{},"_coverageSchema":"1a1c01bbd47fc00a2c39e90264f33305004495a9","hash":"2eca77e7d7220ecac8b44ec82c65ec5224a692e0"}
,"C:\\Users\\hache\\OneDrive\\Bureau\\O2SPLUS\\DevAdmin\\Server\\models\\familleClient.js": {"path":"C:\\Users\\hache\\OneDrive\\Bureau\\O2SPLUS\\DevAdmin\\Server\\models\\familleClient.js","statementMap":{"0":{"start":{"line":2,"column":0},"end":{"line":25,"column":2}},"1":{"start":{"line":3,"column":23},"end":{"line":23,"column":2}},"2":{"start":{"line":24,"column":1},"end":{"line":24,"column":22}}},"fnMap":{"0":{"name":"(anonymous_0)","decl":{"start":{"line":2,"column":17},"end":{"line":2,"column":18}},"loc":{"start":{"line":2,"column":43},"end":{"line":25,"column":1}},"line":2}},"branchMap":{},"s":{"0":1,"1":1,"2":1},"f":{"0":1},"b":{},"_coverageSchema":"1a1c01bbd47fc00a2c39e90264f33305004495a9","hash":"fd17b41d06c73924c952e397ef789366203fe059"}
,"C:\\Users\\hache\\OneDrive\\Bureau\\O2SPLUS\\DevAdmin\\Server\\models\\fournisseur.js": {"path":"C:\\Users\\hache\\OneDrive\\Bureau\\O2SPLUS\\DevAdmin\\Server\\models\\fournisseur.js","statementMap":{"0":{"start":{"line":1,"column":0},"end":{"line":56,"column":2}},"1":{"start":{"line":2,"column":21},"end":{"line":54,"column":2}},"2":{"start":{"line":55,"column":1},"end":{"line":55,"column":20}}},"fnMap":{"0":{"name":"(anonymous_0)","decl":{"start":{"line":1,"column":17},"end":{"line":1,"column":18}},"loc":{"start":{"line":1,"column":43},"end":{"line":56,"column":1}},"line":1}},"branchMap":{},"s":{"0":1,"1":1,"2":1},"f":{"0":1},"b":{},"_coverageSchema":"1a1c01bbd47fc00a2c39e90264f33305004495a9","hash":"6f6172e65a0d9100b827cb4e47c1696d2a975514"}
,"C:\\Users\\hache\\OneDrive\\Bureau\\O2SPLUS\\DevAdmin\\Server\\models\\index.js": {"path":"C:\\Users\\hache\\OneDrive\\Bureau\\O2SPLUS\\DevAdmin\\Server\\models\\index.js","statementMap":{"0":{"start":{"line":1,"column":17},"end":{"line":1,"column":49}},"1":{"start":{"line":2,"column":33},"end":{"line":2,"column":53}},"2":{"start":{"line":4,"column":18},"end":{"line":21,"column":1}},"3":{"start":{"line":23,"column":0},"end":{"line":25,"column":3}},"4":{"start":{"line":24,"column":1},"end":{"line":24,"column":58}},"5":{"start":{"line":27,"column":11},"end":{"line":27,"column":13}},"6":{"start":{"line":28,"column":0},"end":{"line":28,"column":25}},"7":{"start":{"line":29,"column":0},"end":{"line":29,"column":25}},"8":{"start":{"line":30,"column":0},"end":{"line":30,"column":60}},"9":{"start":{"line":31,"column":0},"end":{"line":31,"column":68}},"10":{"start":{"line":32,"column":0},"end":{"line":32,"column":60}},"11":{"start":{"line":33,"column":0},"end":{"line":33,"column":72}},"12":{"start":{"line":34,"column":0},"end":{"line":34,"column":64}},"13":{"start":{"line":35,"column":0},"end":{"line":35,"column":60}},"14":{"start":{"line":36,"column":0},"end":{"line":36,"column":72}},"15":{"start":{"line":37,"column":0},"end":{"line":37,"column":66}},"16":{"start":{"line":38,"column":0},"end":{"line":38,"column":58}},"17":{"start":{"line":39,"column":0},"end":{"line":39,"column":66}},"18":{"start":{"line":40,"column":0},"end":{"line":40,"column":78}},"19":{"start":{"line":41,"column":0},"end":{"line":41,"column":68}},"20":{"start":{"line":42,"column":0},"end":{"line":42,"column":56}},"21":{"start":{"line":43,"column":0},"end":{"line":43,"column":68}},"22":{"start":{"line":44,"column":0},"end":{"line":44,"column":60}},"23":{"start":{"line":45,"column":0},"end":{"line":45,"column":66}},"24":{"start":{"line":46,"column":0},"end":{"line":46,"column":56}},"25":{"start":{"line":47,"column":0},"end":{"line":49,"column":3}},"26":{"start":{"line":48,"column":1},"end":{"line":48,"column":62}},"27":{"start":{"line":52,"column":0},"end":{"line":55,"column":3}},"28":{"start":{"line":56,"column":0},"end":{"line":60,"column":3}},"29":{"start":{"line":62,"column":0},"end":{"line":65,"column":3}},"30":{"start":{"line":66,"column":0},"end":{"line":69,"column":3}},"31":{"start":{"line":70,"column":0},"end":{"line":73,"column":3}},"32":{"start":{"line":74,"column":0},"end":{"line":77,"column":3}},"33":{"start":{"line":78,"column":0},"end":{"line":81,"column":3}},"34":{"start":{"line":83,"column":0},"end":{"line":86,"column":3}},"35":{"start":{"line":87,"column":0},"end":{"line":90,"column":3}},"36":{"start":{"line":92,"column":0},"end":{"line":95,"column":3}},"37":{"start":{"line":97,"column":0},"end":{"line":100,"column":3}},"38":{"start":{"line":102,"column":0},"end":{"line":105,"column":3}},"39":{"start":{"line":107,"column":0},"end":{"line":110,"column":3}},"40":{"start":{"line":111,"column":0},"end":{"line":114,"column":3}},"41":{"start":{"line":116,"column":0},"end":{"line":119,"column":3}},"42":{"start":{"line":121,"column":0},"end":{"line":124,"column":3}},"43":{"start":{"line":126,"column":0},"end":{"line":129,"column":3}},"44":{"start":{"line":131,"column":0},"end":{"line":134,"column":3}},"45":{"start":{"line":136,"column":0},"end":{"line":139,"column":3}},"46":{"start":{"line":141,"column":0},"end":{"line":144,"column":3}},"47":{"start":{"line":146,"column":0},"end":{"line":149,"column":3}},"48":{"start":{"line":151,"column":0},"end":{"line":154,"column":3}},"49":{"start":{"line":156,"column":0},"end":{"line":159,"column":3}},"50":{"start":{"line":161,"column":0},"end":{"line":164,"column":3}},"51":{"start":{"line":166,"column":0},"end":{"line":169,"column":3}},"52":{"start":{"line":171,"column":0},"end":{"line":174,"column":3}},"53":{"start":{"line":176,"column":0},"end":{"line":179,"column":3}},"54":{"start":{"line":181,"column":0},"end":{"line":184,"column":3}},"55":{"start":{"line":186,"column":0},"end":{"line":189,"column":3}},"56":{"start":{"line":191,"column":0},"end":{"line":194,"column":3}},"57":{"start":{"line":196,"column":0},"end":{"line":199,"column":3}},"58":{"start":{"line":201,"column":0},"end":{"line":204,"column":3}},"59":{"start":{"line":206,"column":0},"end":{"line":209,"column":3}},"60":{"start":{"line":211,"column":0},"end":{"line":214,"column":3}},"61":{"start":{"line":216,"column":0},"end":{"line":219,"column":3}},"62":{"start":{"line":221,"column":0},"end":{"line":224,"column":3}},"63":{"start":{"line":226,"column":0},"end":{"line":229,"column":3}},"64":{"start":{"line":231,"column":0},"end":{"line":234,"column":3}},"65":{"start":{"line":236,"column":0},"end":{"line":239,"column":3}},"66":{"start":{"line":241,"column":0},"end":{"line":244,"column":3}},"67":{"start":{"line":246,"column":0},"end":{"line":249,"column":3}},"68":{"start":{"line":251,"column":0},"end":{"line":254,"column":3}},"69":{"start":{"line":256,"column":0},"end":{"line":259,"column":3}},"70":{"start":{"line":261,"column":0},"end":{"line":264,"column":3}},"71":{"start":{"line":266,"column":0},"end":{"line":269,"column":3}},"72":{"start":{"line":271,"column":0},"end":{"line":274,"column":3}},"73":{"start":{"line":275,"column":0},"end":{"line":278,"column":3}},"74":{"start":{"line":280,"column":0},"end":{"line":283,"column":3}},"75":{"start":{"line":285,"column":0},"end":{"line":288,"column":3}},"76":{"start":{"line":290,"column":0},"end":{"line":293,"column":3}},"77":{"start":{"line":295,"column":0},"end":{"line":298,"column":3}},"78":{"start":{"line":300,"column":0},"end":{"line":303,"column":3}},"79":{"start":{"line":305,"column":0},"end":{"line":308,"column":3}},"80":{"start":{"line":310,"column":0},"end":{"line":313,"column":3}},"81":{"start":{"line":315,"column":0},"end":{"line":318,"column":3}},"82":{"start":{"line":320,"column":0},"end":{"line":323,"column":3}},"83":{"start":{"line":325,"column":0},"end":{"line":328,"column":3}},"84":{"start":{"line":330,"column":0},"end":{"line":333,"column":3}},"85":{"start":{"line":336,"column":0},"end":{"line":336,"column":20}}},"fnMap":{"0":{"name":"(anonymous_0)","decl":{"start":{"line":23,"column":31},"end":{"line":23,"column":32}},"loc":{"start":{"line":23,"column":40},"end":{"line":25,"column":1}},"line":23},"1":{"name":"(anonymous_1)","decl":{"start":{"line":47,"column":54},"end":{"line":47,"column":55}},"loc":{"start":{"line":47,"column":60},"end":{"line":49,"column":1}},"line":47}},"branchMap":{},"s":{"0":1,"1":1,"2":1,"3":1,"4":0,"5":1,"6":1,"7":1,"8":1,"9":1,"10":1,"11":1,"12":1,"13":1,"14":1,"15":1,"16":1,"17":1,"18":1,"19":1,"20":1,"21":1,"22":1,"23":1,"24":1,"25":1,"26":0,"27":1,"28":1,"29":1,"30":1,"31":1,"32":1,"33":1,"34":1,"35":1,"36":1,"37":1,"38":1,"39":1,"40":1,"41":1,"42":1,"43":1,"44":1,"45":1,"46":1,"47":1,"48":1,"49":1,"50":1,"51":1,"52":1,"53":1,"54":1,"55":1,"56":1,"57":1,"58":1,"59":1,"60":1,"61":1,"62":1,"63":1,"64":1,"65":1,"66":1,"67":1,"68":1,"69":1,"70":1,"71":1,"72":1,"73":1,"74":1,"75":1,"76":1,"77":1,"78":1,"79":1,"80":1,"81":1,"82":1,"83":1,"84":1,"85":1},"f":{"0":0,"1":0},"b":{},"_coverageSchema":"1a1c01bbd47fc00a2c39e90264f33305004495a9","hash":"2d1b028247c8f9e43fb9e4abc99ad42083d59f8a"}
,"C:\\Users\\hache\\OneDrive\\Bureau\\O2SPLUS\\DevAdmin\\Server\\models\\licence.js": {"path":"C:\\Users\\hache\\OneDrive\\Bureau\\O2SPLUS\\DevAdmin\\Server\\models\\licence.js","statementMap":{"0":{"start":{"line":1,"column":0},"end":{"line":33,"column":2}},"1":{"start":{"line":2,"column":17},"end":{"line":31,"column":2}},"2":{"start":{"line":32,"column":1},"end":{"line":32,"column":16}}},"fnMap":{"0":{"name":"(anonymous_0)","decl":{"start":{"line":1,"column":17},"end":{"line":1,"column":18}},"loc":{"start":{"line":1,"column":43},"end":{"line":33,"column":1}},"line":1}},"branchMap":{},"s":{"0":1,"1":1,"2":1},"f":{"0":1},"b":{},"_coverageSchema":"1a1c01bbd47fc00a2c39e90264f33305004495a9","hash":"97cc4d4313d8a9de61e5a056e2136f1d72490f5d"}
,"C:\\Users\\hache\\OneDrive\\Bureau\\O2SPLUS\\DevAdmin\\Server\\models\\ligneStock.js": {"path":"C:\\Users\\hache\\OneDrive\\Bureau\\O2SPLUS\\DevAdmin\\Server\\models\\ligneStock.js","statementMap":{"0":{"start":{"line":1,"column":0},"end":{"line":31,"column":2}},"1":{"start":{"line":2,"column":20},"end":{"line":29,"column":2}},"2":{"start":{"line":30,"column":1},"end":{"line":30,"column":19}}},"fnMap":{"0":{"name":"(anonymous_0)","decl":{"start":{"line":1,"column":17},"end":{"line":1,"column":18}},"loc":{"start":{"line":1,"column":43},"end":{"line":31,"column":1}},"line":1}},"branchMap":{},"s":{"0":1,"1":1,"2":1},"f":{"0":1},"b":{},"_coverageSchema":"1a1c01bbd47fc00a2c39e90264f33305004495a9","hash":"2cafd77463a074532a4cece43324411cc47366e3"}
,"C:\\Users\\hache\\OneDrive\\Bureau\\O2SPLUS\\DevAdmin\\Server\\models\\modeReglement.js": {"path":"C:\\Users\\hache\\OneDrive\\Bureau\\O2SPLUS\\DevAdmin\\Server\\models\\modeReglement.js","statementMap":{"0":{"start":{"line":1,"column":0},"end":{"line":25,"column":2}},"1":{"start":{"line":2,"column":23},"end":{"line":23,"column":2}},"2":{"start":{"line":24,"column":1},"end":{"line":24,"column":22}}},"fnMap":{"0":{"name":"(anonymous_0)","decl":{"start":{"line":1,"column":17},"end":{"line":1,"column":18}},"loc":{"start":{"line":1,"column":43},"end":{"line":25,"column":1}},"line":1}},"branchMap":{},"s":{"0":1,"1":1,"2":1},"f":{"0":1},"b":{},"_coverageSchema":"1a1c01bbd47fc00a2c39e90264f33305004495a9","hash":"d6eb006274d48ead8001b2dea69c7ad76bb5c8d7"}
,"C:\\Users\\hache\\OneDrive\\Bureau\\O2SPLUS\\DevAdmin\\Server\\models\\secteurGeo.js": {"path":"C:\\Users\\hache\\OneDrive\\Bureau\\O2SPLUS\\DevAdmin\\Server\\models\\secteurGeo.js","statementMap":{"0":{"start":{"line":1,"column":0},"end":{"line":24,"column":2}},"1":{"start":{"line":2,"column":20},"end":{"line":22,"column":2}},"2":{"start":{"line":23,"column":1},"end":{"line":23,"column":19}}},"fnMap":{"0":{"name":"(anonymous_0)","decl":{"start":{"line":1,"column":17},"end":{"line":1,"column":18}},"loc":{"start":{"line":1,"column":43},"end":{"line":24,"column":1}},"line":1}},"branchMap":{},"s":{"0":1,"1":1,"2":1},"f":{"0":1},"b":{},"_coverageSchema":"1a1c01bbd47fc00a2c39e90264f33305004495a9","hash":"16cba767d631c1772e2a763468c3031710baab7a"}
,"C:\\Users\\hache\\OneDrive\\Bureau\\O2SPLUS\\DevAdmin\\Server\\models\\siteClient.js": {"path":"C:\\Users\\hache\\OneDrive\\Bureau\\O2SPLUS\\DevAdmin\\Server\\models\\siteClient.js","statementMap":{"0":{"start":{"line":1,"column":0},"end":{"line":61,"column":2}},"1":{"start":{"line":2,"column":20},"end":{"line":59,"column":2}},"2":{"start":{"line":60,"column":1},"end":{"line":60,"column":19}}},"fnMap":{"0":{"name":"(anonymous_0)","decl":{"start":{"line":1,"column":17},"end":{"line":1,"column":18}},"loc":{"start":{"line":1,"column":43},"end":{"line":61,"column":1}},"line":1}},"branchMap":{},"s":{"0":1,"1":1,"2":1},"f":{"0":1},"b":{},"_coverageSchema":"1a1c01bbd47fc00a2c39e90264f33305004495a9","hash":"e2883aa77a178497f06188214a1494665d229747"}
,"C:\\Users\\hache\\OneDrive\\Bureau\\O2SPLUS\\DevAdmin\\Server\\models\\stock.js": {"path":"C:\\Users\\hache\\OneDrive\\Bureau\\O2SPLUS\\DevAdmin\\Server\\models\\stock.js","statementMap":{"0":{"start":{"line":1,"column":0},"end":{"line":21,"column":2}},"1":{"start":{"line":2,"column":15},"end":{"line":19,"column":2}},"2":{"start":{"line":20,"column":1},"end":{"line":20,"column":14}}},"fnMap":{"0":{"name":"(anonymous_0)","decl":{"start":{"line":1,"column":17},"end":{"line":1,"column":18}},"loc":{"start":{"line":1,"column":43},"end":{"line":21,"column":1}},"line":1}},"branchMap":{},"s":{"0":1,"1":1,"2":1},"f":{"0":1},"b":{},"_coverageSchema":"1a1c01bbd47fc00a2c39e90264f33305004495a9","hash":"d834471458ef37eba268786801559ca5730eec5e"}
,"C:\\Users\\hache\\OneDrive\\Bureau\\O2SPLUS\\DevAdmin\\Server\\models\\typeTarif.js": {"path":"C:\\Users\\hache\\OneDrive\\Bureau\\O2SPLUS\\DevAdmin\\Server\\models\\typeTarif.js","statementMap":{"0":{"start":{"line":1,"column":0},"end":{"line":29,"column":2}},"1":{"start":{"line":2,"column":19},"end":{"line":27,"column":2}},"2":{"start":{"line":28,"column":1},"end":{"line":28,"column":18}}},"fnMap":{"0":{"name":"(anonymous_0)","decl":{"start":{"line":1,"column":17},"end":{"line":1,"column":18}},"loc":{"start":{"line":1,"column":43},"end":{"line":29,"column":1}},"line":1}},"branchMap":{},"s":{"0":1,"1":1,"2":1},"f":{"0":1},"b":{},"_coverageSchema":"1a1c01bbd47fc00a2c39e90264f33305004495a9","hash":"dbbcf3d0eeecacda7243dd8a1051c856632faafb"}
,"C:\\Users\\hache\\OneDrive\\Bureau\\O2SPLUS\\DevAdmin\\Server\\models\\utilisateur.js": {"path":"C:\\Users\\hache\\OneDrive\\Bureau\\O2SPLUS\\DevAdmin\\Server\\models\\utilisateur.js","statementMap":{"0":{"start":{"line":1,"column":0},"end":{"line":38,"column":2}},"1":{"start":{"line":2,"column":21},"end":{"line":36,"column":2}},"2":{"start":{"line":37,"column":1},"end":{"line":37,"column":20}}},"fnMap":{"0":{"name":"(anonymous_0)","decl":{"start":{"line":1,"column":17},"end":{"line":1,"column":18}},"loc":{"start":{"line":1,"column":43},"end":{"line":38,"column":1}},"line":1}},"branchMap":{},"s":{"0":1,"1":1,"2":1},"f":{"0":1},"b":{},"_coverageSchema":"1a1c01bbd47fc00a2c39e90264f33305004495a9","hash":"02d85847429180e3828506541e574b6f9f315344"}
,"C:\\Users\\hache\\OneDrive\\Bureau\\O2SPLUS\\DevAdmin\\Server\\models\\vendeur.js": {"path":"C:\\Users\\hache\\OneDrive\\Bureau\\O2SPLUS\\DevAdmin\\Server\\models\\vendeur.js","statementMap":{"0":{"start":{"line":1,"column":0},"end":{"line":47,"column":2}},"1":{"start":{"line":2,"column":17},"end":{"line":45,"column":2}},"2":{"start":{"line":46,"column":1},"end":{"line":46,"column":16}}},"fnMap":{"0":{"name":"(anonymous_0)","decl":{"start":{"line":1,"column":17},"end":{"line":1,"column":18}},"loc":{"start":{"line":1,"column":43},"end":{"line":47,"column":1}},"line":1}},"branchMap":{},"s":{"0":1,"1":1,"2":1},"f":{"0":1},"b":{},"_coverageSchema":"1a1c01bbd47fc00a2c39e90264f33305004495a9","hash":"3141a4797ad035600f9f2d868d01ae2190f3337d"}
,"C:\\Users\\hache\\OneDrive\\Bureau\\O2SPLUS\\DevAdmin\\Server\\models\\zoneIntervention.js": {"path":"C:\\Users\\hache\\OneDrive\\Bureau\\O2SPLUS\\DevAdmin\\Server\\models\\zoneIntervention.js","statementMap":{"0":{"start":{"line":1,"column":0},"end":{"line":28,"column":2}},"1":{"start":{"line":2,"column":26},"end":{"line":26,"column":2}},"2":{"start":{"line":27,"column":1},"end":{"line":27,"column":25}}},"fnMap":{"0":{"name":"(anonymous_0)","decl":{"start":{"line":1,"column":17},"end":{"line":1,"column":18}},"loc":{"start":{"line":1,"column":43},"end":{"line":28,"column":1}},"line":1}},"branchMap":{},"s":{"0":1,"1":1,"2":1},"f":{"0":1},"b":{},"_coverageSchema":"1a1c01bbd47fc00a2c39e90264f33305004495a9","hash":"67859cda79e09c8f45d3ad0e8241da3fad3a82e6"}
}
